<?xml version="1.0" encoding="UTF-8"?>
<!-- Generated by org.testng.reporters.JUnitReportReporter -->
<testsuite hostname="saurapie" failures="0" tests="5" name="com.paris.tests.ArticleTest" time="87.444" errors="0" timestamp="2025-01-04T17:11:02 IST" skipped="0">
  <testcase classname="com.paris.tests.ArticleTest" name="testArticleScrapingAndTranslation" time="18.315"/>
  <testcase classname="com.paris.tests.ArticleTest" name="testArticleScrapingAndTranslation" time="16.360"/>
  <testcase classname="com.paris.tests.ArticleTest" name="testArticleScrapingAndTranslation" time="18.811"/>
  <testcase classname="com.paris.tests.ArticleTest" name="testArticleScrapingAndTranslation" time="17.872"/>
  <testcase classname="com.paris.tests.ArticleTest" name="testArticleScrapingAndTranslation" time="16.086"/>
</testsuite> <!-- com.paris.tests.ArticleTest -->
